Determining if the _POSIX_TIMERS exist failed with the following output:
Change Dir: /Users/kbenne/Development/jmodelica/trunk/build/CMakeFiles/CMakeTmp

Run Build Command:"/usr/bin/make" "cmTC_bf066/fast"
/Applications/Xcode.app/Contents/Developer/usr/bin/make -f CMakeFiles/cmTC_bf066.dir/build.make CMakeFiles/cmTC_bf066.dir/build
Building C object CMakeFiles/cmTC_bf066.dir/CheckSymbolExists.c.o
/Applications/Xcode.app/Contents/Developer/Toolchains/XcodeDefault.xctoolchain/usr/bin/cc    -o CMakeFiles/cmTC_bf066.dir/CheckSymbolExists.c.o   -c /Users/kbenne/Development/jmodelica/trunk/build/CMakeFiles/CMakeTmp/CheckSymbolExists.c
Linking C executable cmTC_bf066
/usr/local/Cellar/cmake/3.8.2/bin/cmake -E cmake_link_script CMakeFiles/cmTC_bf066.dir/link.txt --verbose=1
/Applications/Xcode.app/Contents/Developer/Toolchains/XcodeDefault.xctoolchain/usr/bin/cc   -Wl,-search_paths_first -Wl,-headerpad_max_install_names   CMakeFiles/cmTC_bf066.dir/CheckSymbolExists.c.o  -o cmTC_bf066 -lrt 
ld: library not found for -lrt
clang: error: linker command failed with exit code 1 (use -v to see invocation)
make[1]: *** [cmTC_bf066] Error 1
make: *** [cmTC_bf066/fast] Error 2

File /Users/kbenne/Development/jmodelica/trunk/build/CMakeFiles/CMakeTmp/CheckSymbolExists.c:
/* */
#include <unistd.h>
#include <time.h>

int main(int argc, char** argv)
{
  (void)argv;
#ifndef _POSIX_TIMERS
  return ((int*)(&_POSIX_TIMERS))[argc];
#else
  (void)argc;
  return 0;
#endif
}

